This file contains any messages produced by compilers while
running configure, to aid debugging if configure makes a mistake.

It was created by libnetfilter_conntrack configure 1.0.4, which was
generated by GNU Autoconf 2.69.  Invocation command line was

  $ ./configure 

## --------- ##
## Platform. ##
## --------- ##

hostname = ubuntu
uname -m = x86_64
uname -r = 3.13.0-30-generic
uname -s = Linux
uname -v = #54-Ubuntu SMP Mon Jun 9 22:45:01 UTC 2014

/usr/bin/uname -p = unknown
/bin/uname -X     = unknown

/bin/arch              = unknown
/usr/bin/arch -k       = unknown
/usr/convex/getsysinfo = unknown
/usr/bin/hostinfo      = unknown
/bin/machine           = unknown
/usr/bin/oslevel       = unknown
/bin/universe          = unknown

PATH: /home/victor/dev/android-ndk-r9d/
PATH: /usr/local/java/jdk1.8.0_05/bin
PATH: /home/victor/dev/android-ndk-r9d/
PATH: /usr/local/java/jdk1.8.0_05/bin
PATH: /usr/local/sbin
PATH: /usr/local/bin
PATH: /usr/sbin
PATH: /usr/bin
PATH: /sbin
PATH: /bin
PATH: /home/victor/bin
PATH: /home/victor/dev/adt/sdk/tools
PATH: /home/victor/dev/adt/sdk/platform-tools
PATH: /usr/local/bin
PATH: /home/victor/bin
PATH: /home/victor/dev/adt/sdk/tools
PATH: /home/victor/dev/adt/sdk/platform-tools
PATH: /usr/local/bin


## ----------- ##
## Core tests. ##
## ----------- ##

configure:2255: checking build system type
configure:2269: result: x86_64-unknown-linux-gnu
configure:2289: checking host system type
configure:2302: result: x86_64-unknown-linux-gnu
configure:2340: checking for a BSD-compatible install
configure:2408: result: /usr/bin/install -c
configure:2419: checking whether build environment is sane
configure:2469: result: yes
configure:2610: checking for a thread-safe mkdir -p
configure:2649: result: /bin/mkdir -p
configure:2662: checking for gawk
configure:2692: result: no
configure:2662: checking for mawk
configure:2678: found /usr/bin/mawk
configure:2689: result: mawk
configure:2700: checking whether make sets $(MAKE)
configure:2722: result: yes
configure:2797: checking how to create a pax tar archive
configure:2810: tar --version
tar (GNU tar) 1.27.1
Copyright (C) 2013 Free Software Foundation, Inc.
License GPLv3+: GNU GPL version 3 or later <http://gnu.org/licenses/gpl.html>.
This is free software: you are free to change and redistribute it.
There is NO WARRANTY, to the extent permitted by law.

Written by John Gilmore and Jay Fenlason.
configure:2813: $? = 0
configure:2853: tardir=conftest.dir && eval tar --format=posix -chf - "$tardir" >conftest.tar
configure:2856: $? = 0
configure:2860: tar -xf - <conftest.tar
configure:2863: $? = 0
configure:2876: result: gnutar
configure:2895: checking for style of include used by make
configure:2923: result: GNU
configure:2994: checking for gcc
configure:3010: found /usr/bin/gcc
configure:3021: result: gcc
configure:3250: checking for C compiler version
configure:3259: gcc --version >&5
gcc (Ubuntu 4.8.2-19ubuntu1) 4.8.2
Copyright (C) 2013 Free Software Foundation, Inc.
This is free software; see the source for copying conditions.  There is NO
warranty; not even for MERCHANTABILITY or FITNESS FOR A PARTICULAR PURPOSE.

configure:3270: $? = 0
configure:3259: gcc -v >&5
Using built-in specs.
COLLECT_GCC=gcc
COLLECT_LTO_WRAPPER=/usr/lib/gcc/x86_64-linux-gnu/4.8/lto-wrapper
Target: x86_64-linux-gnu
Configured with: ../src/configure -v --with-pkgversion='Ubuntu 4.8.2-19ubuntu1' --with-bugurl=file:///usr/share/doc/gcc-4.8/README.Bugs --enable-languages=c,c++,java,go,d,fortran,objc,obj-c++ --prefix=/usr --program-suffix=-4.8 --enable-shared --enable-linker-build-id --libexecdir=/usr/lib --without-included-gettext --enable-threads=posix --with-gxx-include-dir=/usr/include/c++/4.8 --libdir=/usr/lib --enable-nls --with-sysroot=/ --enable-clocale=gnu --enable-libstdcxx-debug --enable-libstdcxx-time=yes --enable-gnu-unique-object --disable-libmudflap --enable-plugin --with-system-zlib --disable-browser-plugin --enable-java-awt=gtk --enable-gtk-cairo --with-java-home=/usr/lib/jvm/java-1.5.0-gcj-4.8-amd64/jre --enable-java-home --with-jvm-root-dir=/usr/lib/jvm/java-1.5.0-gcj-4.8-amd64 --with-jvm-jar-dir=/usr/lib/jvm-exports/java-1.5.0-gcj-4.8-amd64 --with-arch-directory=amd64 --with-ecj-jar=/usr/share/java/eclipse-ecj.jar --enable-objc-gc --enable-multiarch --disable-werror --with-arch-32=i686 --with-abi=m64 --with-multilib-list=m32,m64,mx32 --with-tune=generic --enable-checking=release --build=x86_64-linux-gnu --host=x86_64-linux-gnu --target=x86_64-linux-gnu
Thread model: posix
gcc version 4.8.2 (Ubuntu 4.8.2-19ubuntu1) 
configure:3270: $? = 0
configure:3259: gcc -V >&5
gcc: error: unrecognized command line option '-V'
gcc: fatal error: no input files
compilation terminated.
configure:3270: $? = 4
configure:3259: gcc -qversion >&5
gcc: error: unrecognized command line option '-qversion'
gcc: fatal error: no input files
compilation terminated.
configure:3270: $? = 4
configure:3290: checking whether the C compiler works
configure:3312: gcc    conftest.c  >&5
configure:3316: $? = 0
configure:3364: result: yes
configure:3367: checking for C compiler default output file name
configure:3369: result: a.out
configure:3375: checking for suffix of executables
configure:3382: gcc -o conftest    conftest.c  >&5
configure:3386: $? = 0
configure:3408: result: 
configure:3430: checking whether we are cross compiling
configure:3438: gcc -o conftest    conftest.c  >&5
configure:3442: $? = 0
configure:3449: ./conftest
configure:3453: $? = 0
configure:3468: result: no
configure:3473: checking for suffix of object files
configure:3495: gcc -c   conftest.c >&5
configure:3499: $? = 0
configure:3520: result: o
configure:3524: checking whether we are using the GNU C compiler
configure:3543: gcc -c   conftest.c >&5
configure:3543: $? = 0
configure:3552: result: yes
configure:3561: checking whether gcc accepts -g
configure:3581: gcc -c -g  conftest.c >&5
configure:3581: $? = 0
configure:3622: result: yes
configure:3639: checking for gcc option to accept ISO C89
configure:3702: gcc  -c -g -O2  conftest.c >&5
configure:3702: $? = 0
configure:3715: result: none needed
configure:3737: checking dependency style of gcc
configure:3848: result: gcc3
configure:3913: checking for ar
configure:3929: found /usr/bin/ar
configure:3940: result: ar
configure:3966: checking the archiver (ar) interface
configure:3976: gcc -c -g -O2  conftest.c >&5
configure:3976: $? = 0
configure:3978: ar cru libconftest.a conftest.o >&5
configure:3981: $? = 0
configure:4004: result: ar
configure:4036: checking whether make supports nested variables
configure:4053: result: yes
configure:4113: checking for gcc
configure:4140: result: gcc
configure:4369: checking for C compiler version
configure:4378: gcc --version >&5
gcc (Ubuntu 4.8.2-19ubuntu1) 4.8.2
Copyright (C) 2013 Free Software Foundation, Inc.
This is free software; see the source for copying conditions.  There is NO
warranty; not even for MERCHANTABILITY or FITNESS FOR A PARTICULAR PURPOSE.

configure:4389: $? = 0
configure:4378: gcc -v >&5
Using built-in specs.
COLLECT_GCC=gcc
COLLECT_LTO_WRAPPER=/usr/lib/gcc/x86_64-linux-gnu/4.8/lto-wrapper
Target: x86_64-linux-gnu
Configured with: ../src/configure -v --with-pkgversion='Ubuntu 4.8.2-19ubuntu1' --with-bugurl=file:///usr/share/doc/gcc-4.8/README.Bugs --enable-languages=c,c++,java,go,d,fortran,objc,obj-c++ --prefix=/usr --program-suffix=-4.8 --enable-shared --enable-linker-build-id --libexecdir=/usr/lib --without-included-gettext --enable-threads=posix --with-gxx-include-dir=/usr/include/c++/4.8 --libdir=/usr/lib --enable-nls --with-sysroot=/ --enable-clocale=gnu --enable-libstdcxx-debug --enable-libstdcxx-time=yes --enable-gnu-unique-object --disable-libmudflap --enable-plugin --with-system-zlib --disable-browser-plugin --enable-java-awt=gtk --enable-gtk-cairo --with-java-home=/usr/lib/jvm/java-1.5.0-gcj-4.8-amd64/jre --enable-java-home --with-jvm-root-dir=/usr/lib/jvm/java-1.5.0-gcj-4.8-amd64 --with-jvm-jar-dir=/usr/lib/jvm-exports/java-1.5.0-gcj-4.8-amd64 --with-arch-directory=amd64 --with-ecj-jar=/usr/share/java/eclipse-ecj.jar --enable-objc-gc --enable-multiarch --disable-werror --with-arch-32=i686 --with-abi=m64 --with-multilib-list=m32,m64,mx32 --with-tune=generic --enable-checking=release --build=x86_64-linux-gnu --host=x86_64-linux-gnu --target=x86_64-linux-gnu
Thread model: posix
gcc version 4.8.2 (Ubuntu 4.8.2-19ubuntu1) 
configure:4389: $? = 0
configure:4378: gcc -V >&5
gcc: error: unrecognized command line option '-V'
gcc: fatal error: no input files
compilation terminated.
configure:4389: $? = 4
configure:4378: gcc -qversion >&5
gcc: error: unrecognized command line option '-qversion'
gcc: fatal error: no input files
compilation terminated.
configure:4389: $? = 4
configure:4393: checking whether we are using the GNU C compiler
configure:4421: result: yes
configure:4430: checking whether gcc accepts -g
configure:4491: result: yes
configure:4508: checking for gcc option to accept ISO C89
configure:4584: result: none needed
configure:4606: checking dependency style of gcc
configure:4717: result: gcc3
configure:4809: checking how to print strings
configure:4836: result: printf
configure:4857: checking for a sed that does not truncate output
configure:4921: result: /bin/sed
configure:4939: checking for grep that handles long lines and -e
configure:4997: result: /bin/grep
configure:5002: checking for egrep
configure:5064: result: /bin/grep -E
configure:5069: checking for fgrep
configure:5131: result: /bin/grep -F
configure:5166: checking for ld used by gcc
configure:5233: result: /usr/bin/ld
configure:5240: checking if the linker (/usr/bin/ld) is GNU ld
configure:5255: result: yes
configure:5267: checking for BSD- or MS-compatible name lister (nm)
configure:5316: result: /usr/bin/nm -B
configure:5446: checking the name lister (/usr/bin/nm -B) interface
configure:5453: gcc -c -g -O2  conftest.c >&5
configure:5456: /usr/bin/nm -B "conftest.o"
configure:5459: output
0000000000000000 B some_variable
configure:5466: result: BSD nm
configure:5469: checking whether ln -s works
configure:5473: result: yes
configure:5481: checking the maximum length of command line arguments
configure:5612: result: 1572864
configure:5629: checking whether the shell understands some XSI constructs
configure:5639: result: yes
configure:5643: checking whether the shell understands "+="
configure:5649: result: yes
configure:5684: checking how to convert x86_64-unknown-linux-gnu file names to x86_64-unknown-linux-gnu format
configure:5724: result: func_convert_file_noop
configure:5731: checking how to convert x86_64-unknown-linux-gnu file names to toolchain format
configure:5751: result: func_convert_file_noop
configure:5758: checking for /usr/bin/ld option to reload object files
configure:5765: result: -r
configure:5839: checking for objdump
configure:5855: found /usr/bin/objdump
configure:5866: result: objdump
configure:5898: checking how to recognize dependent libraries
configure:6096: result: pass_all
configure:6181: checking for dlltool
configure:6211: result: no
configure:6241: checking how to associate runtime and link libraries
configure:6268: result: printf %s\n
configure:6392: checking for archiver @FILE support
configure:6409: gcc -c -g -O2  conftest.c >&5
configure:6409: $? = 0
configure:6412: ar cru libconftest.a @conftest.lst >&5
configure:6415: $? = 0
configure:6420: ar cru libconftest.a @conftest.lst >&5
ar: conftest.o: No such file or directory
configure:6423: $? = 1
configure:6435: result: @
configure:6493: checking for strip
configure:6509: found /usr/bin/strip
configure:6520: result: strip
configure:6592: checking for ranlib
configure:6608: found /usr/bin/ranlib
configure:6619: result: ranlib
configure:6721: checking command to parse /usr/bin/nm -B output from gcc object
configure:6841: gcc -c -g -O2  conftest.c >&5
configure:6844: $? = 0
configure:6848: /usr/bin/nm -B conftest.o \| sed -n -e 's/^.*[ ]\([ABCDGIRSTW][ABCDGIRSTW]*\)[ ][ ]*\([_A-Za-z][_A-Za-z0-9]*\)$/\1 \2 \2/p' | sed '/ __gnu_lto/d' \> conftest.nm
configure:6851: $? = 0
configure:6917: gcc -o conftest -g -O2   conftest.c conftstm.o >&5
configure:6920: $? = 0
configure:6958: result: ok
configure:6995: checking for sysroot
configure:7025: result: no
configure:7102: gcc -c -g -O2  conftest.c >&5
configure:7105: $? = 0
configure:7288: checking for mt
configure:7304: found /bin/mt
configure:7315: result: mt
configure:7338: checking if mt is a manifest tool
configure:7344: mt '-?'
configure:7352: result: no
configure:7994: checking how to run the C preprocessor
configure:8025: gcc -E  conftest.c
configure:8025: $? = 0
configure:8039: gcc -E  conftest.c
conftest.c:11:28: fatal error: ac_nonexistent.h: No such file or directory
 #include <ac_nonexistent.h>
                            ^
compilation terminated.
configure:8039: $? = 1
configure: failed program was:
| /* confdefs.h */
| #define PACKAGE_NAME "libnetfilter_conntrack"
| #define PACKAGE_TARNAME "libnetfilter_conntrack"
| #define PACKAGE_VERSION "1.0.4"
| #define PACKAGE_STRING "libnetfilter_conntrack 1.0.4"
| #define PACKAGE_BUGREPORT ""
| #define PACKAGE_URL ""
| #define PACKAGE "libnetfilter_conntrack"
| #define VERSION "1.0.4"
| /* end confdefs.h.  */
| #include <ac_nonexistent.h>
configure:8064: result: gcc -E
configure:8084: gcc -E  conftest.c
configure:8084: $? = 0
configure:8098: gcc -E  conftest.c
conftest.c:11:28: fatal error: ac_nonexistent.h: No such file or directory
 #include <ac_nonexistent.h>
                            ^
compilation terminated.
configure:8098: $? = 1
configure: failed program was:
| /* confdefs.h */
| #define PACKAGE_NAME "libnetfilter_conntrack"
| #define PACKAGE_TARNAME "libnetfilter_conntrack"
| #define PACKAGE_VERSION "1.0.4"
| #define PACKAGE_STRING "libnetfilter_conntrack 1.0.4"
| #define PACKAGE_BUGREPORT ""
| #define PACKAGE_URL ""
| #define PACKAGE "libnetfilter_conntrack"
| #define VERSION "1.0.4"
| /* end confdefs.h.  */
| #include <ac_nonexistent.h>
configure:8127: checking for ANSI C header files
configure:8147: gcc -c -g -O2  conftest.c >&5
configure:8147: $? = 0
configure:8220: gcc -o conftest -g -O2   conftest.c  >&5
configure:8220: $? = 0
configure:8220: ./conftest
configure:8220: $? = 0
configure:8231: result: yes
configure:8244: checking for sys/types.h
configure:8244: gcc -c -g -O2  conftest.c >&5
configure:8244: $? = 0
configure:8244: result: yes
configure:8244: checking for sys/stat.h
configure:8244: gcc -c -g -O2  conftest.c >&5
configure:8244: $? = 0
configure:8244: result: yes
configure:8244: checking for stdlib.h
configure:8244: gcc -c -g -O2  conftest.c >&5
configure:8244: $? = 0
configure:8244: result: yes
configure:8244: checking for string.h
configure:8244: gcc -c -g -O2  conftest.c >&5
configure:8244: $? = 0
configure:8244: result: yes
configure:8244: checking for memory.h
configure:8244: gcc -c -g -O2  conftest.c >&5
configure:8244: $? = 0
configure:8244: result: yes
configure:8244: checking for strings.h
configure:8244: gcc -c -g -O2  conftest.c >&5
configure:8244: $? = 0
configure:8244: result: yes
configure:8244: checking for inttypes.h
configure:8244: gcc -c -g -O2  conftest.c >&5
configure:8244: $? = 0
configure:8244: result: yes
configure:8244: checking for stdint.h
configure:8244: gcc -c -g -O2  conftest.c >&5
configure:8244: $? = 0
configure:8244: result: yes
configure:8244: checking for unistd.h
configure:8244: gcc -c -g -O2  conftest.c >&5
configure:8244: $? = 0
configure:8244: result: yes
configure:8258: checking for dlfcn.h
configure:8258: gcc -c -g -O2  conftest.c >&5
configure:8258: $? = 0
configure:8258: result: yes
configure:8434: checking for objdir
configure:8449: result: .libs
configure:8720: checking if gcc supports -fno-rtti -fno-exceptions
configure:8738: gcc -c -g -O2  -fno-rtti -fno-exceptions conftest.c >&5
cc1: warning: command line option '-fno-rtti' is valid for C++/ObjC++ but not for C [enabled by default]
configure:8742: $? = 0
configure:8755: result: no
configure:9082: checking for gcc option to produce PIC
configure:9089: result: -fPIC -DPIC
configure:9097: checking if gcc PIC flag -fPIC -DPIC works
configure:9115: gcc -c -g -O2  -fPIC -DPIC -DPIC conftest.c >&5
configure:9119: $? = 0
configure:9132: result: yes
configure:9161: checking if gcc static flag -static works
configure:9189: result: yes
configure:9204: checking if gcc supports -c -o file.o
configure:9225: gcc -c -g -O2  -o out/conftest2.o conftest.c >&5
configure:9229: $? = 0
configure:9251: result: yes
configure:9259: checking if gcc supports -c -o file.o
configure:9306: result: yes
configure:9339: checking whether the gcc linker (/usr/bin/ld -m elf_x86_64) supports shared libraries
configure:10496: result: yes
configure:10533: checking whether -lc should be explicitly linked in
configure:10541: gcc -c -g -O2  conftest.c >&5
configure:10544: $? = 0
configure:10559: gcc -shared  -fPIC -DPIC conftest.o  -v -Wl,-soname -Wl,conftest -o conftest 2\>\&1 \| /bin/grep  -lc  \>/dev/null 2\>\&1
configure:10562: $? = 0
configure:10576: result: no
configure:10736: checking dynamic linker characteristics
configure:11236: gcc -o conftest -g -O2   -Wl,-rpath -Wl,/foo conftest.c  >&5
configure:11236: $? = 0
configure:11470: result: GNU/Linux ld.so
configure:11577: checking how to hardcode library paths into programs
configure:11602: result: immediate
configure:12142: checking whether stripping libraries is possible
configure:12147: result: yes
configure:12182: checking if libtool supports shared libraries
configure:12184: result: yes
configure:12187: checking whether to build shared libraries
configure:12208: result: yes
configure:12211: checking whether to build static libraries
configure:12215: result: no
configure:12253: checking whether ln -s works
configure:12257: result: yes
configure:12324: checking for pkg-config
configure:12342: found /usr/bin/pkg-config
configure:12354: result: /usr/bin/pkg-config
configure:12379: checking pkg-config is at least version 0.9.0
configure:12382: result: yes
configure:12392: checking for LIBNFNETLINK
configure:12399: $PKG_CONFIG --exists --print-errors "libnfnetlink >= 1.0.0"
configure:12402: $? = 0
configure:12416: $PKG_CONFIG --exists --print-errors "libnfnetlink >= 1.0.0"
configure:12419: $? = 0
configure:12477: result: yes
configure:12483: checking for LIBMNL
configure:12490: $PKG_CONFIG --exists --print-errors "libmnl >= 1.0.3"
configure:12493: $? = 0
configure:12507: $PKG_CONFIG --exists --print-errors "libmnl >= 1.0.3"
configure:12510: $? = 0
configure:12568: result: yes
configure:12575: checking arpa/inet.h usability
configure:12575: gcc -c -g -O2  conftest.c >&5
configure:12575: $? = 0
configure:12575: result: yes
configure:12575: checking arpa/inet.h presence
configure:12575: gcc -E  conftest.c
configure:12575: $? = 0
configure:12575: result: yes
configure:12575: checking for arpa/inet.h
configure:12575: result: yes
configure:12587: checking for inet_ntop
configure:12587: gcc -o conftest -g -O2   conftest.c  >&5
configure:12587: $? = 0
configure:12587: result: yes
configure:12597: checking if inet_ntop supports IPv6
configure:12630: gcc -o conftest -g -O2   conftest.c  >&5
conftest.c: In function 'main':
conftest.c:44:9: warning: incompatible implicit declaration of built-in function 'exit' [enabled by default]
         exit(1);
         ^
configure:12630: $? = 0
configure:12630: ./conftest
configure:12630: $? = 0
configure:12631: result: yes
configure:12821: creating ./config.status

## ---------------------- ##
## Running config.status. ##
## ---------------------- ##

This file was extended by libnetfilter_conntrack config.status 1.0.4, which was
generated by GNU Autoconf 2.69.  Invocation command line was

  CONFIG_FILES    = 
  CONFIG_HEADERS  = 
  CONFIG_LINKS    = 
  CONFIG_COMMANDS = 
  $ ./config.status 

on ubuntu

config.status:1021: creating Makefile
config.status:1021: creating src/Makefile
config.status:1021: creating include/Makefile
config.status:1021: creating utils/Makefile
config.status:1021: creating examples/Makefile
config.status:1021: creating qa/Makefile
config.status:1021: creating include/libnetfilter_conntrack/Makefile
config.status:1021: creating include/internal/Makefile
config.status:1021: creating src/conntrack/Makefile
config.status:1021: creating src/expect/Makefile
config.status:1021: creating libnetfilter_conntrack.pc
config.status:1021: creating doxygen.cfg
config.status:1193: executing depfiles commands
config.status:1193: executing libtool commands

## ---------------- ##
## Cache variables. ##
## ---------------- ##

ac_cv_build=x86_64-unknown-linux-gnu
ac_cv_c_compiler_gnu=yes
ac_cv_env_CC_set=
ac_cv_env_CC_value=
ac_cv_env_CFLAGS_set=
ac_cv_env_CFLAGS_value=
ac_cv_env_CPPFLAGS_set=
ac_cv_env_CPPFLAGS_value=
ac_cv_env_CPP_set=
ac_cv_env_CPP_value=
ac_cv_env_LDFLAGS_set=
ac_cv_env_LDFLAGS_value=
ac_cv_env_LIBMNL_CFLAGS_set=
ac_cv_env_LIBMNL_CFLAGS_value=
ac_cv_env_LIBMNL_LIBS_set=
ac_cv_env_LIBMNL_LIBS_value=
ac_cv_env_LIBNFNETLINK_CFLAGS_set=
ac_cv_env_LIBNFNETLINK_CFLAGS_value=
ac_cv_env_LIBNFNETLINK_LIBS_set=
ac_cv_env_LIBNFNETLINK_LIBS_value=
ac_cv_env_LIBS_set=
ac_cv_env_LIBS_value=
ac_cv_env_PKG_CONFIG_LIBDIR_set=
ac_cv_env_PKG_CONFIG_LIBDIR_value=
ac_cv_env_PKG_CONFIG_PATH_set=
ac_cv_env_PKG_CONFIG_PATH_value=
ac_cv_env_PKG_CONFIG_set=
ac_cv_env_PKG_CONFIG_value=
ac_cv_env_build_alias_set=
ac_cv_env_build_alias_value=
ac_cv_env_host_alias_set=
ac_cv_env_host_alias_value=
ac_cv_env_target_alias_set=
ac_cv_env_target_alias_value=
ac_cv_func_inet_ntop=yes
ac_cv_header_arpa_inet_h=yes
ac_cv_header_dlfcn_h=yes
ac_cv_header_inttypes_h=yes
ac_cv_header_memory_h=yes
ac_cv_header_stdc=yes
ac_cv_header_stdint_h=yes
ac_cv_header_stdlib_h=yes
ac_cv_header_string_h=yes
ac_cv_header_strings_h=yes
ac_cv_header_sys_stat_h=yes
ac_cv_header_sys_types_h=yes
ac_cv_header_unistd_h=yes
ac_cv_host=x86_64-unknown-linux-gnu
ac_cv_objext=o
ac_cv_path_EGREP='/bin/grep -E'
ac_cv_path_FGREP='/bin/grep -F'
ac_cv_path_GREP=/bin/grep
ac_cv_path_SED=/bin/sed
ac_cv_path_ac_pt_PKG_CONFIG=/usr/bin/pkg-config
ac_cv_path_install='/usr/bin/install -c'
ac_cv_path_mkdir=/bin/mkdir
ac_cv_prog_AWK=mawk
ac_cv_prog_CPP='gcc -E'
ac_cv_prog_ac_ct_AR=ar
ac_cv_prog_ac_ct_CC=gcc
ac_cv_prog_ac_ct_MANIFEST_TOOL=mt
ac_cv_prog_ac_ct_OBJDUMP=objdump
ac_cv_prog_ac_ct_RANLIB=ranlib
ac_cv_prog_ac_ct_STRIP=strip
ac_cv_prog_cc_c89=
ac_cv_prog_cc_g=yes
ac_cv_prog_make_make_set=yes
am_cv_CC_dependencies_compiler_type=gcc3
am_cv_ar_interface=ar
am_cv_make_support_nested_variables=yes
am_cv_prog_tar_pax=gnutar
lt_cv_ar_at_file=@
lt_cv_archive_cmds_need_lc=no
lt_cv_deplibs_check_method=pass_all
lt_cv_file_magic_cmd='$MAGIC_CMD'
lt_cv_file_magic_test_file=
lt_cv_ld_reload_flag=-r
lt_cv_nm_interface='BSD nm'
lt_cv_objdir=.libs
lt_cv_path_LD=/usr/bin/ld
lt_cv_path_NM='/usr/bin/nm -B'
lt_cv_path_mainfest_tool=no
lt_cv_prog_compiler_c_o=yes
lt_cv_prog_compiler_pic='-fPIC -DPIC'
lt_cv_prog_compiler_pic_works=yes
lt_cv_prog_compiler_rtti_exceptions=no
lt_cv_prog_compiler_static_works=yes
lt_cv_prog_gnu_ld=yes
lt_cv_sharedlib_from_linklib_cmd='printf %s\n'
lt_cv_shlibpath_overrides_runpath=no
lt_cv_sys_global_symbol_pipe='sed -n -e '\''s/^.*[	 ]\([ABCDGIRSTW][ABCDGIRSTW]*\)[	 ][	 ]*\([_A-Za-z][_A-Za-z0-9]*\)$/\1 \2 \2/p'\'' | sed '\''/ __gnu_lto/d'\'''
lt_cv_sys_global_symbol_to_c_name_address='sed -n -e '\''s/^: \([^ ]*\)[ ]*$/  {\"\1\", (void *) 0},/p'\'' -e '\''s/^[ABCDGIRSTW]* \([^ ]*\) \([^ ]*\)$/  {"\2", (void *) \&\2},/p'\'''
lt_cv_sys_global_symbol_to_c_name_address_lib_prefix='sed -n -e '\''s/^: \([^ ]*\)[ ]*$/  {\"\1\", (void *) 0},/p'\'' -e '\''s/^[ABCDGIRSTW]* \([^ ]*\) \(lib[^ ]*\)$/  {"\2", (void *) \&\2},/p'\'' -e '\''s/^[ABCDGIRSTW]* \([^ ]*\) \([^ ]*\)$/  {"lib\2", (void *) \&\2},/p'\'''
lt_cv_sys_global_symbol_to_cdecl='sed -n -e '\''s/^T .* \(.*\)$/extern int \1();/p'\'' -e '\''s/^[ABCDGIRSTW]* .* \(.*\)$/extern char \1;/p'\'''
lt_cv_sys_max_cmd_len=1572864
lt_cv_to_host_file_cmd=func_convert_file_noop
lt_cv_to_tool_file_cmd=func_convert_file_noop
pkg_cv_LIBMNL_CFLAGS='-I/usr/local/include  '
pkg_cv_LIBMNL_LIBS='-L/usr/local/lib -lmnl  '
pkg_cv_LIBNFNETLINK_CFLAGS='-I/usr/local/include  '
pkg_cv_LIBNFNETLINK_LIBS='-L/usr/local/lib -lnfnetlink  '

## ----------------- ##
## Output variables. ##
## ----------------- ##

ACLOCAL='${SHELL} /home/victor/Downloads/libnetfilter_conntrack-1.0.4/build-aux/missing --run aclocal-1.11'
AMDEPBACKSLASH='\'
AMDEP_FALSE='#'
AMDEP_TRUE=''
AMTAR='$${TAR-tar}'
AM_BACKSLASH='\'
AM_DEFAULT_V='$(AM_DEFAULT_VERBOSITY)'
AM_DEFAULT_VERBOSITY='0'
AM_V='$(V)'
AR='ar'
AUTOCONF='${SHELL} /home/victor/Downloads/libnetfilter_conntrack-1.0.4/build-aux/missing --run autoconf'
AUTOHEADER='${SHELL} /home/victor/Downloads/libnetfilter_conntrack-1.0.4/build-aux/missing --run autoheader'
AUTOMAKE='${SHELL} /home/victor/Downloads/libnetfilter_conntrack-1.0.4/build-aux/missing --run automake-1.11'
AWK='mawk'
CC='gcc'
CCDEPMODE='depmode=gcc3'
CFLAGS='-g -O2'
CPP='gcc -E'
CPPFLAGS=''
CYGPATH_W='echo'
DEFS='-DPACKAGE_NAME=\"libnetfilter_conntrack\" -DPACKAGE_TARNAME=\"libnetfilter_conntrack\" -DPACKAGE_VERSION=\"1.0.4\" -DPACKAGE_STRING=\"libnetfilter_conntrack\ 1.0.4\" -DPACKAGE_BUGREPORT=\"\" -DPACKAGE_URL=\"\" -DPACKAGE=\"libnetfilter_conntrack\" -DVERSION=\"1.0.4\" -DSTDC_HEADERS=1 -DHAVE_SYS_TYPES_H=1 -DHAVE_SYS_STAT_H=1 -DHAVE_STDLIB_H=1 -DHAVE_STRING_H=1 -DHAVE_MEMORY_H=1 -DHAVE_STRINGS_H=1 -DHAVE_INTTYPES_H=1 -DHAVE_STDINT_H=1 -DHAVE_UNISTD_H=1 -DHAVE_DLFCN_H=1 -DLT_OBJDIR=\".libs/\" -DHAVE_ARPA_INET_H=1 -DHAVE_INET_NTOP=1 -DHAVE_INET_NTOP_IPV6=1'
DEPDIR='.deps'
DLLTOOL='false'
DSYMUTIL=''
DUMPBIN=''
ECHO_C=''
ECHO_N='-n'
ECHO_T=''
EGREP='/bin/grep -E'
EXEEXT=''
FGREP='/bin/grep -F'
GREP='/bin/grep'
INSTALL_DATA='${INSTALL} -m 644'
INSTALL_PROGRAM='${INSTALL}'
INSTALL_SCRIPT='${INSTALL}'
INSTALL_STRIP_PROGRAM='$(install_sh) -c -s'
LD='/usr/bin/ld -m elf_x86_64'
LDFLAGS=''
LIBMNL_CFLAGS='-I/usr/local/include  '
LIBMNL_LIBS='-L/usr/local/lib -lmnl  '
LIBNFNETLINK_CFLAGS='-I/usr/local/include  '
LIBNFNETLINK_LIBS='-L/usr/local/lib -lnfnetlink  '
LIBOBJS=''
LIBS=''
LIBTOOL='$(SHELL) $(top_builddir)/libtool'
LIPO=''
LN_S='ln -s'
LTLIBOBJS=''
MAKEINFO='${SHELL} /home/victor/Downloads/libnetfilter_conntrack-1.0.4/build-aux/missing --run makeinfo'
MANIFEST_TOOL=':'
MKDIR_P='/bin/mkdir -p'
NM='/usr/bin/nm -B'
NMEDIT=''
OBJDUMP='objdump'
OBJEXT='o'
OTOOL64=''
OTOOL=''
PACKAGE='libnetfilter_conntrack'
PACKAGE_BUGREPORT=''
PACKAGE_NAME='libnetfilter_conntrack'
PACKAGE_STRING='libnetfilter_conntrack 1.0.4'
PACKAGE_TARNAME='libnetfilter_conntrack'
PACKAGE_URL=''
PACKAGE_VERSION='1.0.4'
PATH_SEPARATOR=':'
PKG_CONFIG='/usr/bin/pkg-config'
PKG_CONFIG_LIBDIR=''
PKG_CONFIG_PATH=''
RANLIB='ranlib'
SED='/bin/sed'
SET_MAKE=''
SHELL='/bin/bash'
STRIP='strip'
VERSION='1.0.4'
ac_ct_AR='ar'
ac_ct_CC='gcc'
ac_ct_DUMPBIN=''
am__EXEEXT_FALSE=''
am__EXEEXT_TRUE='#'
am__fastdepCC_FALSE='#'
am__fastdepCC_TRUE=''
am__include='include'
am__isrc=''
am__leading_dot='.'
am__nodep='_no'
am__quote=''
am__tar='tar --format=posix -chf - "$$tardir"'
am__untar='tar -xf -'
bindir='${exec_prefix}/bin'
build='x86_64-unknown-linux-gnu'
build_alias=''
build_cpu='x86_64'
build_os='linux-gnu'
build_vendor='unknown'
datadir='${datarootdir}'
datarootdir='${prefix}/share'
docdir='${datarootdir}/doc/${PACKAGE_TARNAME}'
dvidir='${docdir}'
exec_prefix='${prefix}'
host='x86_64-unknown-linux-gnu'
host_alias=''
host_cpu='x86_64'
host_os='linux-gnu'
host_vendor='unknown'
htmldir='${docdir}'
includedir='${prefix}/include'
infodir='${datarootdir}/info'
install_sh='${SHELL} /home/victor/Downloads/libnetfilter_conntrack-1.0.4/build-aux/install-sh'
libdir='${exec_prefix}/lib'
libexecdir='${exec_prefix}/libexec'
localedir='${datarootdir}/locale'
localstatedir='${prefix}/var'
mandir='${datarootdir}/man'
mkdir_p='/bin/mkdir -p'
oldincludedir='/usr/include'
pdfdir='${docdir}'
prefix='/usr/local'
program_transform_name='s,x,x,'
psdir='${docdir}'
sbindir='${exec_prefix}/sbin'
sharedstatedir='${prefix}/com'
sysconfdir='${prefix}/etc'
target_alias=''

## ----------- ##
## confdefs.h. ##
## ----------- ##

/* confdefs.h */
#define PACKAGE_NAME "libnetfilter_conntrack"
#define PACKAGE_TARNAME "libnetfilter_conntrack"
#define PACKAGE_VERSION "1.0.4"
#define PACKAGE_STRING "libnetfilter_conntrack 1.0.4"
#define PACKAGE_BUGREPORT ""
#define PACKAGE_URL ""
#define PACKAGE "libnetfilter_conntrack"
#define VERSION "1.0.4"
#define STDC_HEADERS 1
#define HAVE_SYS_TYPES_H 1
#define HAVE_SYS_STAT_H 1
#define HAVE_STDLIB_H 1
#define HAVE_STRING_H 1
#define HAVE_MEMORY_H 1
#define HAVE_STRINGS_H 1
#define HAVE_INTTYPES_H 1
#define HAVE_STDINT_H 1
#define HAVE_UNISTD_H 1
#define HAVE_DLFCN_H 1
#define LT_OBJDIR ".libs/"
#define HAVE_ARPA_INET_H 1
#define HAVE_INET_NTOP 1
#define HAVE_INET_NTOP_IPV6 1

configure: exit 0
